[2020-04-30 14:55:54.697] [INFO] app - 吃饭执行列表查询刷新操作成功
[2020-04-30 14:56:05.043] [INFO] app - 吃饭执行列表查询刷新操作成功
[2020-04-30 14:56:05.941] [INFO] app - 吃饭执行列表查询刷新操作成功
[2020-04-30 14:56:06.702] [INFO] app - 吃饭执行列表查询刷新操作成功
[2020-04-30 14:56:08.516] [INFO] app - 吃饭执行列表查询刷新操作成功
[2020-04-30 16:20:00.055] [INFO] app - 吃饭执行列表查询刷新操作成功
[2020-04-30 16:20:26.741] [INFO] app - 吃饭执行会员新增操作成功
[2020-04-30 16:20:30.330] [INFO] app - 吃饭执行列表查询刷新操作成功
[2020-04-30 16:41:00.207] [INFO] app - 吃饭执行列表查询刷新操作成功
[2020-04-30 16:41:03.917] [INFO] app - 吃饭执行用户单独查询成功
[2020-04-30 16:41:18.066] [INFO] app - 吃饭查询购买信息成功
[2020-04-30 16:41:37.123] [INFO] app - 吃饭执行新增购买信息成功
[2020-04-30 16:41:40.616] [INFO] app - 吃饭执行列表查询刷新操作成功
[2020-04-30 16:42:07.880] [INFO] app - 吃饭执行列表查询刷新操作成功
[2020-04-30 16:42:10.496] [INFO] app - 吃饭执行用户单独查询成功
[2020-04-30 16:42:13.392] [INFO] app - 吃饭执行用户单独查询成功
[2020-04-30 16:42:22.377] [INFO] app - 吃饭查询购买信息成功
[2020-04-30 16:42:23.654] [INFO] app - 吃饭执行新增购买信息成功
[2020-04-30 16:42:27.155] [INFO] app - 吃饭执行列表查询刷新操作成功
[2020-04-30 16:42:56.330] [INFO] app - 吃饭执行会员新增操作成功
[2020-04-30 16:42:59.856] [INFO] app - 吃饭执行列表查询刷新操作成功
[2020-04-30 16:43:08.651] [INFO] app - 吃饭执行列表查询刷新操作成功
[2020-04-30 16:43:16.988] [INFO] app - 吃饭查询购买信息成功
[2020-04-30 16:43:20.711] [INFO] app - 吃饭执行新增购买信息成功
[2020-04-30 16:43:24.209] [INFO] app - 吃饭执行列表查询刷新操作成功
[2020-04-30 16:44:33.225] [INFO] app - 吃饭执行会员新增操作成功
[2020-04-30 16:44:36.704] [INFO] app - 吃饭执行列表查询刷新操作成功
[2020-04-30 16:44:42.706] [INFO] app - 吃饭执行列表查询刷新操作成功
[2020-04-30 16:44:55.485] [INFO] app - 吃饭查询购买信息成功
[2020-04-30 16:45:22.412] [INFO] app - 吃饭执行新增购买信息成功
[2020-04-30 16:45:25.889] [INFO] app - 吃饭执行列表查询刷新操作成功
[2020-04-30 20:22:17.797] [INFO] app - 吃饭执行列表查询刷新操作成功
[2020-04-30 20:22:54.627] [INFO] app - 吃饭执行会员新增操作成功
[2020-04-30 20:22:58.193] [INFO] app - 吃饭执行列表查询刷新操作成功
[2020-04-30 20:25:23.511] [INFO] app - 吃饭执行列表查询刷新操作成功
[2020-04-30 20:25:40.152] [INFO] app - 吃饭查询购买信息成功
[2020-04-30 20:26:34.419] [INFO] app - 吃饭执行列表查询刷新操作成功
[2020-04-30 20:26:41.148] [INFO] app - 吃饭执行列表查询刷新操作成功
[2020-04-30 20:26:41.268] [INFO] app - 吃饭执行列表查询刷新操作成功
[2020-04-30 20:26:41.756] [INFO] app - 吃饭执行列表查询刷新操作成功
[2020-04-30 20:26:44.443] [INFO] app - 吃饭执行列表查询刷新操作成功
[2020-04-30 20:26:46.411] [INFO] app - 吃饭执行列表查询刷新操作成功
[2020-04-30 20:26:47.898] [INFO] app - 吃饭执行列表查询刷新操作成功
[2020-04-30 20:27:00.091] [INFO] app - 吃饭执行列表查询刷新操作成功
[2020-04-30 20:27:10.856] [INFO] app - 吃饭查询购买信息成功
[2020-04-30 20:27:44.191] [INFO] app - 吃饭执行列表查询刷新操作成功
[2020-04-30 20:27:51.412] [INFO] app - 吃饭执行列表查询刷新操作成功
[2020-04-30 20:27:57.405] [INFO] app - 吃饭查询购买信息成功
[2020-04-30 20:30:20.581] [INFO] app - 吃饭执行列表查询刷新操作成功
[2020-04-30 20:30:26.958] [INFO] app - 吃饭执行列表查询刷新操作成功
[2020-04-30 20:30:43.801] [INFO] app - 吃饭查询购买信息成功
[2020-04-30 20:31:31.564] [INFO] app - 吃饭执行会员新增操作成功
[2020-04-30 20:31:35.126] [INFO] app - 吃饭执行列表查询刷新操作成功
[2020-04-30 20:32:01.160] [INFO] app - 吃饭查询购买信息成功
[2020-04-30 20:32:04.246] [INFO] app - 吃饭执行新增购买信息成功
[2020-04-30 20:32:07.804] [INFO] app - 吃饭执行列表查询刷新操作成功
[2020-04-30 20:32:12.148] [INFO] app - 吃饭执行用户单独查询成功
[2020-04-30 20:32:21.070] [INFO] app - 吃饭执行用户单独查询成功
[2020-04-30 20:32:28.097] [INFO] app - 吃饭执行用户单独查询成功
[2020-04-30 20:32:42.259] [INFO] app - 吃饭执行用户单独查询成功
[2020-04-30 20:32:50.387] [INFO] app - 吃饭执行用户单独查询成功
[2020-04-30 20:32:55.270] [INFO] app - 吃饭执行列表查询刷新操作成功
[2020-04-30 20:32:57.746] [INFO] app - 吃饭执行列表查询刷新操作成功
[2020-04-30 20:32:59.276] [INFO] app - 吃饭执行列表查询刷新操作成功
[2020-04-30 20:33:29.278] [INFO] app - 吃饭执行列表查询刷新操作成功
[2020-04-30 20:33:31.488] [INFO] app - 吃饭执行列表查询刷新操作成功
[2020-04-30 20:33:35.346] [INFO] app - 吃饭执行用户单独查询成功
