[2020-05-05 14:52:18.910] [INFO] app - 吃饭执行列表查询刷新操作成功
[2020-05-05 14:52:27.258] [INFO] app - 吃饭执行列表查询刷新操作成功
[2020-05-05 14:54:58.231] [INFO] app - 吃饭执行会员新增操作成功
[2020-05-05 14:55:02.323] [INFO] app - 吃饭执行列表查询刷新操作成功
[2020-05-05 14:55:18.308] [INFO] app - 吃饭执行列表查询刷新操作成功
[2020-05-05 14:55:29.595] [INFO] app - 吃饭查询购买信息成功
[2020-05-05 14:55:43.718] [INFO] app - 吃饭查询购买信息成功
[2020-05-05 14:56:21.958] [INFO] app - 吃饭执行列表查询刷新操作成功
[2020-05-05 14:57:01.297] [INFO] app - 管理员用户执行列表查询刷新操作成功
[2020-05-05 14:57:01.583] [INFO] app - 管理员用户执行列表查询刷新操作成功
[2020-05-05 14:57:09.229] [INFO] app - 管理员用户执行列表查询刷新操作成功
[2020-05-05 14:57:20.897] [INFO] app - 管理员用户执行用户删除成功
[2020-05-05 14:57:24.545] [INFO] app - 管理员用户执行列表查询刷新操作成功
[2020-05-05 14:57:26.752] [INFO] app - 管理员用户执行列表查询刷新操作成功
[2020-05-05 14:57:48.795] [INFO] app - 吃饭执行列表查询刷新操作成功
[2020-05-05 14:58:27.959] [INFO] app - 吃饭执行会员新增操作成功
[2020-05-05 14:58:31.949] [INFO] app - 吃饭执行列表查询刷新操作成功
[2020-05-05 14:58:35.148] [INFO] app - 吃饭执行列表查询刷新操作成功
[2020-05-05 14:58:45.830] [INFO] app - 吃饭查询购买信息成功
[2020-05-05 14:58:51.768] [INFO] app - 吃饭执行新增购买信息成功
[2020-05-05 14:58:54.527] [INFO] app - 吃饭执行用户单独查询成功
[2020-05-05 14:58:55.595] [INFO] app - 吃饭执行列表查询刷新操作成功
[2020-05-05 16:28:49.578] [INFO] app - 吃饭执行列表查询刷新操作成功
[2020-05-05 16:29:11.150] [INFO] app - 吃饭执行会员新增操作成功
[2020-05-05 16:29:16.114] [INFO] app - 吃饭执行列表查询刷新操作成功
[2020-05-05 16:30:30.648] [INFO] app - 吃饭查询购买信息成功
[2020-05-05 16:30:37.288] [INFO] app - 吃饭执行新增购买信息成功
[2020-05-05 16:30:40.523] [INFO] app - 吃饭执行用户单独查询成功
[2020-05-05 16:30:40.908] [INFO] app - 吃饭执行列表查询刷新操作成功
[2020-05-05 16:30:50.706] [INFO] app - 吃饭执行列表查询刷新操作成功
[2020-05-05 16:30:53.166] [INFO] app - 吃饭执行用户单独查询成功
[2020-05-05 20:18:22.655] [INFO] app - 吃饭执行列表查询刷新操作成功
[2020-05-05 20:22:36.188] [INFO] app - 吃饭执行会员新增操作成功
[2020-05-05 20:22:40.262] [INFO] app - 吃饭执行列表查询刷新操作成功
[2020-05-05 20:27:41.422] [INFO] app - 吃饭执行列表查询刷新操作成功
[2020-05-05 20:27:43.613] [INFO] app - 吃饭执行列表查询刷新操作成功
[2020-05-05 20:27:54.972] [INFO] app - 吃饭执行列表查询刷新操作成功
[2020-05-05 20:27:59.446] [INFO] app - 吃饭执行列表查询刷新操作成功
[2020-05-05 20:28:00.967] [INFO] app - 吃饭执行列表查询刷新操作成功
[2020-05-05 20:28:18.787] [INFO] app - 吃饭查询购买信息成功
[2020-05-05 20:28:23.156] [INFO] app - 吃饭执行新增购买信息成功
[2020-05-05 20:28:25.183] [INFO] app - 吃饭执行用户单独查询成功
[2020-05-05 20:28:27.005] [INFO] app - 吃饭执行列表查询刷新操作成功
[2020-05-05 20:30:03.759] [INFO] app - 吃饭执行用户单独查询成功
[2020-05-05 20:30:04.005] [INFO] app - 吃饭执行用户单独查询成功
[2020-05-05 20:30:43.443] [INFO] app - 吃饭查询购买信息成功
[2020-05-05 20:31:13.288] [INFO] app - 吃饭执行新增购买信息成功
[2020-05-05 20:31:15.808] [INFO] app - 吃饭执行用户单独查询成功
[2020-05-05 20:31:16.849] [INFO] app - 吃饭执行列表查询刷新操作成功
