[2020-05-12 13:31:03.476] [INFO] app - 吃饭执行列表查询刷新操作成功
[2020-05-12 13:31:19.896] [INFO] app - 吃饭执行列表查询刷新操作成功
[2020-05-12 13:31:27.734] [INFO] app - 吃饭执行列表查询刷新操作成功
[2020-05-12 13:33:25.641] [INFO] app - 吃饭查询购买信息成功
[2020-05-12 13:33:30.767] [INFO] app - 吃饭执行新增购买信息成功
[2020-05-12 13:33:34.270] [INFO] app - 吃饭执行列表查询刷新操作成功
[2020-05-12 13:33:37.345] [INFO] app - 吃饭执行列表查询刷新操作成功
[2020-05-12 13:33:39.266] [INFO] app - 吃饭执行用户单独查询成功
[2020-05-12 13:34:04.873] [INFO] app - 吃饭执行列表查询刷新操作成功
[2020-05-12 13:34:10.292] [INFO] app - 吃饭执行列表查询刷新操作成功
[2020-05-12 13:34:14.090] [INFO] app - 吃饭执行列表查询刷新操作成功
[2020-05-12 13:34:23.115] [INFO] app - 吃饭查询购买信息成功
[2020-05-12 13:34:25.613] [INFO] app - 吃饭执行新增购买信息成功
[2020-05-12 13:34:29.105] [INFO] app - 吃饭执行列表查询刷新操作成功
[2020-05-12 13:43:46.981] [INFO] app - 吃饭执行列表查询刷新操作成功
[2020-05-12 13:43:48.221] [INFO] app - 吃饭执行列表查询刷新操作成功
[2020-05-12 13:43:52.778] [INFO] app - 吃饭执行用户单独查询成功
[2020-05-12 13:43:53.963] [INFO] app - 吃饭执行用户单独查询成功
[2020-05-12 13:43:55.458] [INFO] app - 吃饭执行用户单独查询成功
[2020-05-12 13:45:05.086] [INFO] app - 吃饭执行列表查询刷新操作成功
[2020-05-12 13:45:07.142] [INFO] app - 吃饭执行列表查询刷新操作成功
[2020-05-12 13:45:19.624] [INFO] app - 吃饭执行列表查询刷新操作成功
[2020-05-12 13:45:26.250] [INFO] app - 吃饭执行用户单独查询成功
[2020-05-12 13:45:26.719] [INFO] app - 吃饭执行用户单独查询成功
[2020-05-12 13:45:34.437] [INFO] app - 吃饭执行用户单独查询成功
[2020-05-12 13:45:34.535] [INFO] app - 吃饭执行用户单独查询成功
[2020-05-12 13:45:34.551] [INFO] app - 吃饭执行用户单独查询成功
[2020-05-12 13:45:34.620] [INFO] app - 吃饭执行用户单独查询成功
[2020-05-12 13:45:38.551] [INFO] app - 吃饭执行用户单独查询成功
[2020-05-12 13:45:39.885] [INFO] app - 吃饭执行用户单独查询成功
[2020-05-12 13:46:24.121] [INFO] app - 管理员用户执行列表查询刷新操作成功
[2020-05-12 13:46:25.677] [INFO] app - 管理员用户执行列表查询刷新操作成功
[2020-05-12 13:46:31.634] [INFO] app - 管理员用户执行列表查询刷新操作成功
[2020-05-12 13:46:36.328] [INFO] app - 管理员用户执行用户单独查询成功
[2020-05-12 13:46:40.171] [INFO] app - 管理员用户执行用户单独查询成功
[2020-05-12 13:46:46.666] [INFO] app - 管理员用户执行用户删除成功
[2020-05-12 13:46:50.202] [INFO] app - 管理员用户执行列表查询刷新操作成功
[2020-05-12 13:49:03.539] [INFO] app - 管理员用户执行列表查询刷新操作成功
[2020-05-12 13:49:48.022] [INFO] app - 管理员用户执行列表查询刷新操作成功
[2020-05-12 13:49:54.651] [INFO] app - 管理员用户执行用户单独查询成功
[2020-05-12 13:50:27.640] [INFO] app - 吃饭执行列表查询刷新操作成功
[2020-05-12 13:50:43.283] [INFO] app - 吃饭执行列表查询刷新操作成功
[2020-05-12 13:50:45.138] [INFO] app - 吃饭执行用户单独查询成功
[2020-05-12 13:51:08.744] [INFO] app - 吃饭执行列表查询刷新操作成功
[2020-05-12 13:51:15.198] [INFO] app - 吃饭执行列表查询刷新操作成功
[2020-05-12 13:51:24.142] [INFO] app - 吃饭查询购买信息成功
[2020-05-12 13:51:25.531] [INFO] app - 吃饭执行新增购买信息成功
[2020-05-12 13:51:30.976] [INFO] app - 吃饭执行列表查询刷新操作成功
