[2020-05-02 09:54:22.921] [INFO] app - 吃饭执行列表查询刷新操作成功
[2020-05-02 15:09:03.029] [INFO] app - 吃饭执行列表查询刷新操作成功
[2020-05-02 15:09:04.524] [INFO] app - 吃饭执行列表查询刷新操作成功
[2020-05-02 15:11:42.440] [INFO] app - 吃饭执行会员新增操作成功
[2020-05-02 15:11:46.728] [INFO] app - 吃饭执行列表查询刷新操作成功
[2020-05-02 15:13:33.966] [INFO] app - 吃饭执行列表查询刷新操作成功
[2020-05-02 15:13:47.152] [INFO] app - 吃饭查询购买信息成功
[2020-05-02 15:13:50.188] [INFO] app - 吃饭执行新增购买信息成功
[2020-05-02 15:13:53.053] [INFO] app - 吃饭执行用户单独查询成功
[2020-05-02 15:13:53.734] [INFO] app - 吃饭执行列表查询刷新操作成功
[2020-05-02 15:14:08.725] [INFO] app - 吃饭执行列表查询刷新操作成功
[2020-05-02 15:14:10.621] [INFO] app - 吃饭执行列表查询刷新操作成功
[2020-05-02 15:14:13.353] [INFO] app - 吃饭执行用户单独查询成功
[2020-05-02 16:50:22.402] [INFO] app - 吃饭执行列表查询刷新操作成功
[2020-05-02 16:50:45.523] [INFO] app - 吃饭执行会员新增操作成功
[2020-05-02 16:50:49.176] [INFO] app - 吃饭执行列表查询刷新操作成功
[2020-05-02 16:52:24.104] [INFO] app - 吃饭执行列表查询刷新操作成功
[2020-05-02 16:52:35.882] [INFO] app - 吃饭查询购买信息成功
[2020-05-02 16:52:39.799] [INFO] app - 吃饭执行新增购买信息成功
[2020-05-02 16:52:42.317] [INFO] app - 吃饭执行用户单独查询成功
[2020-05-02 16:52:43.363] [INFO] app - 吃饭执行列表查询刷新操作成功
[2020-05-02 16:52:50.861] [INFO] app - 吃饭执行用户单独查询成功
[2020-05-02 18:52:38.021] [INFO] app - 吃饭执行列表查询刷新操作成功
[2020-05-02 18:52:41.477] [INFO] app - 吃饭执行列表查询刷新操作成功
[2020-05-02 18:52:46.200] [INFO] app - 吃饭执行用户单独查询成功
[2020-05-02 18:53:11.341] [INFO] app - 吃饭执行用户单独查询成功
[2020-05-02 18:58:34.700] [INFO] app - 吃饭执行会员新增操作成功
[2020-05-02 18:58:38.333] [INFO] app - 吃饭执行列表查询刷新操作成功
[2020-05-02 19:02:01.020] [INFO] app - 吃饭查询购买信息成功
[2020-05-02 19:02:07.420] [INFO] app - 吃饭执行新增购买信息成功
[2020-05-02 19:02:10.987] [INFO] app - 吃饭执行列表查询刷新操作成功
[2020-05-02 19:02:17.067] [INFO] app - 吃饭执行用户单独查询成功
[2020-05-02 19:35:09.200] [INFO] app - 吃饭执行列表查询刷新操作成功
[2020-05-02 19:35:50.676] [INFO] app - 吃饭执行列表查询刷新操作成功
[2020-05-02 19:35:55.330] [INFO] app - 吃饭执行用户单独查询成功
[2020-05-02 19:36:31.701] [INFO] app - 吃饭查询购买信息成功
[2020-05-02 19:37:02.873] [INFO] app - 吃饭执行新增购买信息成功
[2020-05-02 19:37:05.737] [INFO] app - 吃饭执行用户单独查询成功
[2020-05-02 19:37:06.559] [INFO] app - 吃饭执行列表查询刷新操作成功
[2020-05-02 19:45:34.908] [INFO] app - 吃饭执行会员新增操作成功
[2020-05-02 19:45:38.437] [INFO] app - 吃饭执行列表查询刷新操作成功
[2020-05-02 19:46:03.930] [INFO] app - 吃饭执行列表查询刷新操作成功
[2020-05-02 19:56:02.266] [INFO] app - 吃饭执行用户单独查询成功
[2020-05-02 19:56:02.593] [INFO] app - 吃饭执行用户单独查询成功
[2020-05-02 19:56:49.426] [INFO] app - 吃饭查询购买信息成功
[2020-05-02 19:57:06.922] [INFO] app - 吃饭执行新增购买信息成功
[2020-05-02 19:57:10.817] [INFO] app - 吃饭执行列表查询刷新操作成功
[2020-05-02 19:57:15.977] [INFO] app - 吃饭执行用户单独查询成功
[2020-05-02 19:59:55.767] [INFO] app - 吃饭查询购买信息成功
[2020-05-02 20:00:11.104] [INFO] app - 吃饭查询购买信息成功
[2020-05-02 20:00:20.846] [INFO] app - 吃饭执行新增购买信息成功
[2020-05-02 20:00:23.776] [INFO] app - 吃饭执行用户单独查询成功
[2020-05-02 20:00:24.587] [INFO] app - 吃饭执行列表查询刷新操作成功
[2020-05-02 20:03:16.718] [INFO] app - 吃饭执行列表查询刷新操作成功
