[2020-05-06 10:53:10.744] [INFO] app - 吃饭执行列表查询刷新操作成功
[2020-05-06 10:53:59.246] [INFO] app - 吃饭执行列表查询刷新操作成功
[2020-05-06 10:54:43.846] [INFO] app - 吃饭执行列表查询刷新操作成功
[2020-05-06 10:54:50.755] [INFO] app - 吃饭执行列表查询刷新操作成功
[2020-05-06 10:54:52.099] [INFO] app - 吃饭执行列表查询刷新操作成功
[2020-05-06 10:54:53.890] [INFO] app - 吃饭执行列表查询刷新操作成功
[2020-05-06 10:54:55.187] [INFO] app - 吃饭执行列表查询刷新操作成功
[2020-05-06 10:55:04.493] [INFO] app - 吃饭执行用户单独查询成功
[2020-05-06 10:55:05.008] [INFO] app - 吃饭执行用户单独查询成功
[2020-05-06 10:55:49.014] [INFO] app - 吃饭查询购买信息成功
[2020-05-06 10:56:18.054] [INFO] app - 吃饭执行新增购买信息成功
[2020-05-06 10:56:21.697] [INFO] app - 吃饭执行列表查询刷新操作成功
[2020-05-06 11:18:47.194] [INFO] app - 吃饭执行用户单独查询成功
[2020-05-06 11:18:47.822] [INFO] app - 吃饭执行用户单独查询成功
[2020-05-06 11:19:12.365] [INFO] app - 吃饭执行用户单独查询成功
[2020-05-06 11:19:12.696] [INFO] app - 吃饭执行用户单独查询成功
[2020-05-06 11:19:35.651] [INFO] app - 吃饭查询购买信息成功
[2020-05-06 11:19:36.333] [INFO] app - 吃饭执行新增购买信息成功
[2020-05-06 11:19:38.960] [INFO] app - 吃饭执行用户单独查询成功
[2020-05-06 11:19:39.584] [INFO] app - 吃饭执行用户单独查询成功
[2020-05-06 11:19:40.250] [INFO] app - 吃饭执行列表查询刷新操作成功
[2020-05-06 19:09:04.072] [INFO] app - 吃饭执行列表查询刷新操作成功
[2020-05-06 19:09:20.791] [INFO] app - 吃饭执行列表查询刷新操作成功
[2020-05-06 19:09:20.975] [INFO] app - 吃饭执行列表查询刷新操作成功
[2020-05-06 19:09:36.103] [INFO] app - 吃饭查询购买信息成功
[2020-05-06 19:09:44.219] [INFO] app - 吃饭执行新增购买信息成功
[2020-05-06 19:09:48.000] [INFO] app - 吃饭执行列表查询刷新操作成功
[2020-05-06 19:30:14.416] [INFO] app - 吃饭执行会员新增操作成功
[2020-05-06 19:30:18.051] [INFO] app - 吃饭执行列表查询刷新操作成功
[2020-05-06 19:30:34.211] [INFO] app - 吃饭执行列表查询刷新操作成功
[2020-05-06 19:30:37.353] [INFO] app - 吃饭执行用户单独查询成功
[2020-05-06 19:31:24.572] [INFO] app - 吃饭查询购买信息成功
[2020-05-06 19:31:30.864] [INFO] app - 吃饭执行新增购买信息成功
[2020-05-06 19:31:35.257] [INFO] app - 吃饭执行列表查询刷新操作成功
