[2020-05-08 11:07:13.488] [INFO] app - 吃饭执行列表查询刷新操作成功
[2020-05-08 11:08:21.260] [INFO] app - { inspect: [Function: inspect] }
[2020-05-08 11:08:21.462] [INFO] app - 吃饭执行会员新增操作失败
[2020-05-08 11:08:55.689] [INFO] app - { inspect: [Function: inspect] }
[2020-05-08 11:08:55.711] [INFO] app - 吃饭执行会员新增操作失败
[2020-05-08 11:09:08.054] [INFO] app - { inspect: [Function: inspect] }
[2020-05-08 11:09:08.074] [INFO] app - 吃饭执行会员新增操作失败
[2020-05-08 11:09:13.956] [INFO] app - 吃饭执行列表查询刷新操作成功
[2020-05-08 11:09:23.975] [INFO] app - 吃饭查询购买信息成功
[2020-05-08 11:09:38.312] [INFO] app - 吃饭执行新增购买信息成功
[2020-05-08 11:09:42.209] [INFO] app - 吃饭执行用户单独查询成功
[2020-05-08 11:09:42.485] [INFO] app - 吃饭执行用户单独查询成功
[2020-05-08 11:09:42.605] [INFO] app - 吃饭执行列表查询刷新操作成功
[2020-05-08 11:09:52.353] [INFO] app - 吃饭执行用户单独查询成功
[2020-05-08 11:09:53.578] [INFO] app - 吃饭执行用户单独查询成功
[2020-05-08 11:09:53.866] [INFO] app - 吃饭执行用户单独查询成功
[2020-05-08 11:09:54.115] [INFO] app - 吃饭执行用户单独查询成功
[2020-05-08 11:10:05.256] [INFO] app - 吃饭执行列表查询刷新操作成功
[2020-05-08 11:26:38.355] [INFO] app - 吃饭执行列表查询刷新操作成功
[2020-05-08 11:28:20.483] [INFO] app - 吃饭执行会员新增操作成功
[2020-05-08 11:28:27.600] [INFO] app - 吃饭执行列表查询刷新操作成功
[2020-05-08 11:29:51.337] [INFO] app - 吃饭查询购买信息成功
[2020-05-08 11:30:04.154] [INFO] app - 吃饭执行列表查询刷新操作成功
[2020-05-08 11:30:16.743] [INFO] app - 吃饭查询购买信息成功
[2020-05-08 11:30:42.312] [INFO] app - 吃饭执行列表查询刷新操作成功
[2020-05-08 11:30:54.100] [INFO] app - 吃饭查询购买信息成功
[2020-05-08 11:31:27.536] [INFO] app - 吃饭执行会员新增操作成功
[2020-05-08 11:31:31.128] [INFO] app - 吃饭执行列表查询刷新操作成功
[2020-05-08 11:31:41.671] [INFO] app - 吃饭执行列表查询刷新操作成功
[2020-05-08 11:31:54.441] [INFO] app - 吃饭查询购买信息成功
[2020-05-08 11:32:44.174] [INFO] app - 吃饭执行新增购买信息成功
[2020-05-08 11:32:48.145] [INFO] app - 吃饭执行用户单独查询成功
[2020-05-08 11:32:48.300] [INFO] app - 吃饭执行列表查询刷新操作成功
[2020-05-08 11:33:17.542] [INFO] app - 吃饭执行用户单独查询成功
[2020-05-08 11:33:17.601] [INFO] app - 吃饭执行用户单独查询成功
[2020-05-08 11:33:17.603] [INFO] app - 吃饭执行用户单独查询成功
[2020-05-08 11:33:20.846] [INFO] app - 吃饭执行列表查询刷新操作成功
[2020-05-08 11:33:23.771] [INFO] app - 吃饭执行用户单独查询成功
[2020-05-08 11:33:39.570] [INFO] app - 吃饭查询购买信息成功
[2020-05-08 11:33:45.847] [INFO] app - 吃饭执行新增购买信息成功
[2020-05-08 11:33:50.764] [INFO] app - 吃饭执行列表查询刷新操作成功
[2020-05-08 11:33:50.772] [INFO] app - 吃饭执行用户单独查询成功
[2020-05-08 11:34:08.598] [INFO] app - 吃饭执行列表查询刷新操作成功
[2020-05-08 11:35:27.275] [INFO] app - 吃饭执行列表查询刷新操作成功
[2020-05-08 11:35:39.013] [INFO] app - 吃饭执行列表查询刷新操作成功
[2020-05-08 11:36:26.458] [INFO] app - 吃饭执行列表查询刷新操作成功
[2020-05-08 11:36:29.045] [INFO] app - 吃饭执行用户单独查询成功
[2020-05-08 11:36:44.239] [INFO] app - 吃饭执行列表查询刷新操作成功
[2020-05-08 11:36:50.191] [INFO] app - 吃饭执行用户单独查询成功
[2020-05-08 11:37:16.544] [INFO] app - 吃饭执行列表查询刷新操作成功
[2020-05-08 11:44:11.497] [INFO] app - 吃饭执行列表查询刷新操作成功
[2020-05-08 12:36:53.806] [INFO] app - 吃饭执行列表查询刷新操作成功
[2020-05-08 12:36:57.313] [INFO] app - 吃饭执行列表查询刷新操作成功
[2020-05-08 12:37:00.528] [INFO] app - 吃饭执行用户单独查询成功
[2020-05-08 19:39:21.361] [INFO] app - 吃饭执行列表查询刷新操作成功
[2020-05-08 19:39:31.169] [INFO] app - 吃饭执行列表查询刷新操作成功
[2020-05-08 19:46:19.141] [INFO] app - 吃饭查询购买信息成功
[2020-05-08 19:46:19.433] [INFO] app - 吃饭查询购买信息成功
[2020-05-08 19:46:26.548] [INFO] app - 吃饭查询购买信息成功
[2020-05-08 19:46:27.704] [INFO] app - 吃饭执行新增购买信息成功
[2020-05-08 19:46:32.154] [INFO] app - 吃饭执行列表查询刷新操作成功
[2020-05-08 19:46:32.501] [INFO] app - 吃饭执行用户单独查询成功
