[2020-04-29 09:42:58.093] [INFO] app - 邓千执行列表查询刷新操作成功
[2020-04-29 09:43:00.486] [INFO] app - 邓千执行列表查询刷新操作成功
[2020-04-29 09:43:14.733] [INFO] app - 邓千执行用户修改成功
[2020-04-29 09:43:17.957] [INFO] app - 邓千执行列表查询刷新操作成功
[2020-04-29 09:48:43.174] [INFO] app - 邓千执行列表查询刷新操作成功
[2020-04-29 09:52:08.980] [INFO] app - 邓千执行列表查询刷新操作成功
[2020-04-29 09:53:50.421] [INFO] app - 邓千执行列表查询刷新操作成功
[2020-04-29 10:17:58.026] [INFO] app - 邓千执行列表查询刷新操作成功
[2020-04-29 10:18:20.883] [INFO] app - { inspect: [Function: inspect] }
[2020-04-29 10:18:20.884] [INFO] app - 邓千执行会员新增操作失败
[2020-04-29 10:18:45.731] [INFO] app - 邓千执行会员新增操作成功
[2020-04-29 10:18:48.952] [INFO] app - 邓千执行列表查询刷新操作成功
[2020-04-29 10:19:26.222] [INFO] app - 邓千执行列表查询刷新操作成功
[2020-04-29 10:19:30.835] [INFO] app - 邓千执行用户删除成功
[2020-04-29 10:19:34.060] [INFO] app - 邓千执行列表查询刷新操作成功
[2020-04-29 10:19:38.829] [INFO] app - 邓千执行用户修改成功
[2020-04-29 10:19:42.053] [INFO] app - 邓千执行列表查询刷新操作成功
[2020-04-29 10:45:31.067] [INFO] app - 邓千执行列表查询刷新操作成功
[2020-04-29 10:46:13.630] [INFO] app - 邓千执行列表查询刷新操作成功
[2020-04-29 10:46:31.600] [INFO] app - 邓千执行列表查询刷新操作成功
[2020-04-29 10:55:30.315] [INFO] app - 吃饭执行列表查询刷新操作成功
[2020-04-29 11:00:59.822] [INFO] app - 吃饭执行列表查询刷新操作成功
[2020-04-29 11:01:21.020] [INFO] app - 吃饭执行会员新增操作成功
[2020-04-29 11:01:24.499] [INFO] app - 吃饭执行列表查询刷新操作成功
[2020-04-29 11:01:35.982] [INFO] app - 吃饭执行列表查询刷新操作成功
[2020-04-29 15:41:45.660] [INFO] app - 吃饭执行列表查询刷新操作成功
[2020-04-29 15:41:53.179] [INFO] app - 吃饭执行列表查询刷新操作成功
[2020-04-29 16:18:38.695] [INFO] app - 吃饭执行列表查询刷新操作成功
[2020-04-29 16:18:41.752] [INFO] app - 吃饭执行列表查询刷新操作成功
[2020-04-29 16:18:43.718] [INFO] app - 吃饭执行列表查询刷新操作成功
[2020-04-29 16:24:27.792] [INFO] app - 吃饭执行列表查询刷新操作成功
[2020-04-29 16:24:31.932] [INFO] app - 吃饭执行列表查询刷新操作成功
[2020-04-29 16:24:36.025] [INFO] app - 吃饭执行列表查询刷新操作成功
[2020-04-29 16:24:38.093] [INFO] app - 吃饭执行列表查询刷新操作成功
[2020-04-29 16:24:40.869] [INFO] app - 吃饭执行列表查询刷新操作成功
[2020-04-29 16:24:47.414] [INFO] app - 吃饭执行列表查询刷新操作成功
[2020-04-29 16:24:49.631] [INFO] app - 吃饭执行列表查询刷新操作成功
[2020-04-29 16:24:51.740] [INFO] app - 吃饭执行列表查询刷新操作成功
[2020-04-29 16:49:26.609] [INFO] app - 吃饭执行会员新增操作成功
[2020-04-29 16:49:32.469] [INFO] app - 吃饭执行列表查询刷新操作成功
[2020-04-29 16:49:37.348] [INFO] app - 吃饭执行列表查询刷新操作成功
[2020-04-29 16:49:59.668] [INFO] app - 吃饭查询购买信息成功
[2020-04-29 16:50:10.805] [INFO] app - 吃饭执行新增购买信息成功
[2020-04-29 16:50:14.291] [INFO] app - 吃饭执行列表查询刷新操作成功
