[2020-05-04 11:07:49.948] [INFO] app - 吃饭执行列表查询刷新操作成功
[2020-05-04 11:07:55.436] [INFO] app - 吃饭执行列表查询刷新操作成功
[2020-05-04 12:24:46.858] [INFO] app - 吃饭执行列表查询刷新操作成功
[2020-05-04 12:24:56.622] [INFO] app - 吃饭执行列表查询刷新操作成功
[2020-05-04 12:25:04.230] [INFO] app - 吃饭执行用户单独查询成功
[2020-05-04 12:25:04.779] [INFO] app - 吃饭执行用户单独查询成功
[2020-05-04 12:25:26.257] [INFO] app - 吃饭执行列表查询刷新操作成功
[2020-05-04 12:25:32.824] [INFO] app - 吃饭执行列表查询刷新操作成功
[2020-05-04 12:25:47.880] [INFO] app - 吃饭查询购买信息成功
[2020-05-04 12:25:52.682] [INFO] app - 吃饭执行新增购买信息成功
[2020-05-04 12:25:56.207] [INFO] app - 吃饭执行列表查询刷新操作成功
[2020-05-04 12:26:06.361] [INFO] app - 吃饭执行列表查询刷新操作成功
[2020-05-04 12:26:54.673] [INFO] app - 吃饭执行会员新增操作成功
[2020-05-04 12:26:58.285] [INFO] app - 吃饭执行列表查询刷新操作成功
[2020-05-04 12:28:05.276] [INFO] app - 吃饭执行列表查询刷新操作成功
[2020-05-04 12:28:17.393] [INFO] app - 吃饭查询购买信息成功
[2020-05-04 12:28:22.110] [INFO] app - 吃饭执行新增购买信息成功
[2020-05-04 12:28:25.608] [INFO] app - 吃饭执行列表查询刷新操作成功
[2020-05-04 12:29:33.880] [INFO] app - 吃饭执行列表查询刷新操作成功
[2020-05-04 12:29:45.798] [INFO] app - 吃饭查询购买信息成功
[2020-05-04 12:30:04.547] [INFO] app - 吃饭执行新增购买信息成功
[2020-05-04 12:30:08.070] [INFO] app - 吃饭执行列表查询刷新操作成功
[2020-05-04 12:32:35.516] [INFO] app - 吃饭执行会员新增操作成功
[2020-05-04 12:32:39.259] [INFO] app - 吃饭执行列表查询刷新操作成功
[2020-05-04 12:32:40.891] [INFO] app - 吃饭执行列表查询刷新操作成功
[2020-05-04 12:32:53.619] [INFO] app - 吃饭查询购买信息成功
[2020-05-04 12:32:56.428] [INFO] app - 吃饭执行新增购买信息成功
[2020-05-04 12:32:59.916] [INFO] app - 吃饭执行列表查询刷新操作成功
[2020-05-04 13:41:34.933] [INFO] app - 吃饭执行列表查询刷新操作成功
[2020-05-04 13:41:51.193] [INFO] app - 吃饭执行列表查询刷新操作成功
[2020-05-04 13:42:18.496] [INFO] app - 吃饭执行会员新增操作成功
[2020-05-04 13:42:22.645] [INFO] app - 吃饭执行列表查询刷新操作成功
[2020-05-04 13:43:33.901] [INFO] app - 吃饭执行列表查询刷新操作成功
[2020-05-04 13:43:45.811] [INFO] app - 吃饭查询购买信息成功
[2020-05-04 13:45:36.573] [INFO] app - { inspect: [Function: inspect] }
[2020-05-04 13:45:37.038] [INFO] app - 吃饭执行新增购买信息失败
[2020-05-04 13:45:51.650] [INFO] app - 吃饭执行新增购买信息成功
[2020-05-04 13:46:08.948] [INFO] app - 吃饭执行列表查询刷新操作成功
[2020-05-04 13:46:27.317] [INFO] app - 吃饭执行用户单独查询成功
[2020-05-04 15:28:20.850] [INFO] app - 吃饭执行列表查询刷新操作成功
[2020-05-04 15:28:46.648] [INFO] app - { inspect: [Function: inspect] }
[2020-05-04 15:28:46.648] [INFO] app - 吃饭执行会员新增操作失败
[2020-05-04 15:28:54.443] [INFO] app - 吃饭执行列表查询刷新操作成功
[2020-05-04 15:28:57.666] [INFO] app - 吃饭执行用户单独查询成功
[2020-05-04 15:30:49.217] [INFO] app - 吃饭执行用户单独查询成功
[2020-05-04 15:30:50.271] [INFO] app - 吃饭执行用户单独查询成功
[2020-05-04 15:30:50.700] [INFO] app - 吃饭执行用户单独查询成功
[2020-05-04 15:30:51.086] [INFO] app - 吃饭执行用户单独查询成功
[2020-05-04 17:00:49.707] [INFO] app - 吃饭执行列表查询刷新操作成功
[2020-05-04 17:01:12.496] [INFO] app - 吃饭执行会员新增操作成功
[2020-05-04 17:01:16.076] [INFO] app - 吃饭执行列表查询刷新操作成功
[2020-05-04 17:01:25.187] [INFO] app - 吃饭执行列表查询刷新操作成功
[2020-05-04 17:01:29.672] [INFO] app - 吃饭执行列表查询刷新操作成功
[2020-05-04 17:01:30.204] [INFO] app - 吃饭执行列表查询刷新操作成功
[2020-05-04 17:01:30.375] [INFO] app - 吃饭执行列表查询刷新操作成功
[2020-05-04 17:01:35.050] [INFO] app - 吃饭执行列表查询刷新操作成功
[2020-05-04 17:01:49.374] [INFO] app - 吃饭查询购买信息成功
[2020-05-04 17:05:07.016] [INFO] app - 吃饭执行新增购买信息成功
[2020-05-04 17:05:10.495] [INFO] app - 吃饭执行列表查询刷新操作成功
