[2020-05-07 11:46:30.193] [INFO] app - 吃饭执行列表查询刷新操作成功
[2020-05-07 11:46:30.664] [INFO] app - 吃饭执行列表查询刷新操作成功
[2020-05-07 11:48:08.180] [INFO] app - 吃饭执行会员新增操作成功
[2020-05-07 11:48:18.243] [INFO] app - 吃饭执行列表查询刷新操作成功
[2020-05-07 11:48:27.143] [INFO] app - 吃饭执行列表查询刷新操作成功
[2020-05-07 11:48:47.403] [INFO] app - 吃饭查询购买信息成功
[2020-05-07 11:49:16.393] [INFO] app - 吃饭执行新增购买信息成功
[2020-05-07 11:49:32.138] [INFO] app - 吃饭执行列表查询刷新操作成功
[2020-05-07 17:53:38.039] [INFO] app - 吃饭执行列表查询刷新操作成功
[2020-05-07 17:54:17.791] [INFO] app - 吃饭执行会员新增操作成功
[2020-05-07 17:54:55.726] [INFO] app - 吃饭执行列表查询刷新操作成功
[2020-05-07 17:54:56.357] [INFO] app - 吃饭执行列表查询刷新操作成功
[2020-05-07 17:54:57.128] [INFO] app - 吃饭执行列表查询刷新操作成功
[2020-05-07 17:54:57.142] [INFO] app - 吃饭执行列表查询刷新操作成功
[2020-05-07 17:54:59.157] [INFO] app - { inspect: [Function: inspect] }
[2020-05-07 17:54:59.214] [INFO] app - 吃饭执行列表查询刷新操作失败
[2020-05-07 17:55:03.298] [INFO] app - 吃饭执行列表查询刷新操作成功
[2020-05-07 17:55:03.299] [INFO] app - 吃饭执行列表查询刷新操作成功
[2020-05-07 17:55:06.121] [INFO] app - 吃饭执行列表查询刷新操作成功
[2020-05-07 17:55:06.190] [INFO] app - 吃饭执行列表查询刷新操作成功
[2020-05-07 17:55:06.190] [INFO] app - 吃饭执行列表查询刷新操作成功
[2020-05-07 17:55:32.010] [INFO] app - 吃饭执行列表查询刷新操作成功
